  Part6.cpp
C:\Users\david\Documents\GitHub\igme309\A2MoreStuff\Part6\Part6.cpp(12,1): warning C4326: return type of 'main' should be 'int' instead of 'float'
C:\Users\david\Documents\GitHub\igme309\A2MoreStuff\Part6\Matrix.h(275,103): warning C4244: 'argument': conversion from 'T' to 'int', possible loss of data
          with
          [
              T=float
          ]
C:\Users\david\Documents\GitHub\igme309\A2MoreStuff\Part6\Matrix.h(247,1): message : while compiling class template member function 'T Matrix<T>::determinant(T [],const int,const int,int)'
          with
          [
              T=float
          ]
C:\Users\david\Documents\GitHub\igme309\A2MoreStuff\Part6\Matrix.h(297,16): message : see reference to function template instantiation 'T Matrix<T>::determinant(T [],const int,const int,int)' being compiled
          with
          [
              T=float
          ]
C:\Users\david\Documents\GitHub\igme309\A2MoreStuff\Part6\Matrix.h(40,1): message : while compiling class template member function 'Matrix<float>::Matrix(T [],int,int)'
          with
          [
              T=float
          ]
C:\Users\david\Documents\GitHub\igme309\A2MoreStuff\Part6\Part6.cpp(35,26): message : see reference to function template instantiation 'Matrix<float>::Matrix(T [],int,int)' being compiled
          with
          [
              T=float
          ]
C:\Users\david\Documents\GitHub\igme309\A2MoreStuff\Part6\Part6.cpp(35,45): message : see reference to class template instantiation 'Matrix<float>' being compiled
C:\Users\david\Documents\GitHub\igme309\A2MoreStuff\Part6\Matrix.h(278,103): warning C4244: 'argument': conversion from 'T' to 'int', possible loss of data
          with
          [
              T=float
          ]
C:\Users\david\Documents\GitHub\igme309\A2MoreStuff\Part6\Matrix.h(284,11): warning C4244: 'return': conversion from 'double' to 'T', possible loss of data
          with
          [
              T=float
          ]
  Part6.vcxproj -> C:\Users\david\Documents\GitHub\igme309\A2MoreStuff\Part6\x64\Debug\Part6.exe
