  Part3Task2.cpp
C:\Users\david\Documents\GitHub\igme309\A2MoreStuff\Part3Task2\Stack.h(77,18): error C2440: 'initializing': cannot convert from 'Node<T> *' to 'Node<T>'
          with
          [
              T=int
          ]
C:\Users\david\Documents\GitHub\igme309\A2MoreStuff\Part3Task2\Stack.h(77,18): message : No constructor could take the source type, or constructor overload resolution was ambiguous
C:\Users\david\Documents\GitHub\igme309\A2MoreStuff\Part3Task2\Stack.h(76,1): message : while compiling class template member function 'void Stack<int>::Pop(void)'
C:\Users\david\Documents\GitHub\igme309\A2MoreStuff\Part3Task2\Part3Task2.cpp(12,15): message : see reference to function template instantiation 'void Stack<int>::Pop(void)' being compiled
C:\Users\david\Documents\GitHub\igme309\A2MoreStuff\Part3Task2\Part3Task2.cpp(9,39): message : see reference to class template instantiation 'Stack<int>' being compiled
C:\Users\david\Documents\GitHub\igme309\A2MoreStuff\Part3Task2\Stack.h(79,3): error C2679: binary '=': no operator found which takes a right-hand operand of type 'Node<T> *' (or there is no acceptable conversion)
          with
          [
              T=int
          ]
C:\Users\david\Documents\GitHub\igme309\A2MoreStuff\Part3Task2\Node.h(12,1): message : could be 'Node<T> &Node<T>::operator =(const Node<T> &)'
          with
          [
              T=int
          ]
C:\Users\david\Documents\GitHub\igme309\A2MoreStuff\Part3Task2\Stack.h(79,3): message : while trying to match the argument list '(Node<T>, Node<T> *)'
          with
          [
              T=int
          ]
